<?xml version="1.0" encoding="UTF-8"?>
<!-- Generated by org.testng.reporters.JUnitReportReporter -->
<testsuite hostname="nikunj-20h1cto1ww" failures="0" tests="9" name="TestCalculate" time="0.021" errors="0" timestamp="2021-01-15T04:27:51 IST" skipped="0">
  <testcase classname="TestCalculate" name="DelimitersofVariableLength" time="0.001"/>
  <system-out/>
  <testcase classname="TestCalculate" name="ValuesGreaterThan1000AreIgnored" time="0.002"/>
  <system-out/>
  <testcase classname="TestCalculate" name="ReturnSumofTwoNumberWithCommaDelimiter" time="0.002"/>
  <system-out/>
  <testcase classname="TestCalculate" name="ReturnSumofTwoNumberWithNewLineDelimiter" time="0.001"/>
  <system-out/>
  <testcase classname="TestCalculate" name="AllowingMultipleDelimiters" time="0.010"/>
  <system-out/>
  <testcase classname="TestCalculate" name="ReturnSumofThreeNumberWithCommaAndNewLineDelimiter" time="0.001"/>
  <system-out/>
  <testcase classname="TestCalculate" name="StringWithSingleNumber" time="0.001"/>
  <system-out/>
  <testcase classname="TestCalculate" name="EmptyStringReturnZero" time="0.001"/>
  <system-out/>
  <testcase classname="TestCalculate" name="StringWithnegativeNumberReturnsException" time="0.002"/>
  <system-out/>
</testsuite> <!-- TestCalculate -->
