<?xml version="1.0" encoding="UTF-8"?>
<!-- Generated by org.testng.reporters.JUnitReportReporter -->
<testsuite hostname="nikunj-20h1cto1ww" failures="0" tests="7" name="TestCalculate" time="0.031" errors="0" timestamp="2021-01-15T03:15:23 IST" skipped="0">
  <testcase classname="TestCalculate" name="ReturnSumofThreeNumberWithCommaAndNewLineDelimiter" time="0.002"/>
  <system-out/>
  <testcase classname="TestCalculate" name="StringWithnegativeNumberReturnsException" time="0.003"/>
  <system-out/>
  <testcase classname="TestCalculate" name="StringWithSingleNumber" time="0.001"/>
  <system-out/>
  <testcase classname="TestCalculate" name="EmptyStringReturnZero" time="0.018"/>
  <system-out/>
  <testcase classname="TestCalculate" name="ReturnSumofTwoNumberWithNewLineDelimiter" time="0.002"/>
  <system-out/>
  <testcase classname="TestCalculate" name="ReturnSumofTwoNumberWithCommaDelimiter" time="0.003"/>
  <system-out/>
  <testcase classname="TestCalculate" name="ValuesGreaterThan1000AreIgnored" time="0.002"/>
  <system-out/>
</testsuite> <!-- TestCalculate -->
