<?xml version="1.0" encoding="UTF-8"?>
<!-- Generated by org.testng.reporters.JUnitReportReporter -->
<testsuite hostname="nikunj-20h1cto1ww" failures="0" tests="3" name="TestCalculate" time="0.026" errors="0" timestamp="2021-01-15T01:54:25 IST" skipped="0">
  <testcase classname="TestCalculate" name="EmptyStringReturnZero" time="0.020"/>
  <system-out/>
  <testcase classname="TestCalculate" name="ReturnSumofTwoNumberWithCommaDelimiter" time="0.001"/>
  <system-out/>
  <testcase classname="TestCalculate" name="StringWithSingleNumber" time="0.005"/>
  <system-out/>
</testsuite> <!-- TestCalculate -->
