<?xml version="1.0" encoding="UTF-8"?>
<!-- Generated by org.testng.reporters.JUnitReportReporter -->
<testsuite hostname="nikunj-20h1cto1ww" failures="0" tests="1" name="TestCalculate" time="0.010" errors="0" timestamp="2021-01-15T00:52:51 IST" skipped="0">
  <testcase classname="TestCalculate" name="EmptyStringReturnZero" time="0.010"/>
  <system-out/>
</testsuite> <!-- TestCalculate -->
