<?xml version="1.0" encoding="UTF-8"?>
<!-- Generated by org.testng.reporters.JUnitReportReporter -->
<testsuite hostname="nikunj-20h1cto1ww" failures="0" tests="2" name="TestCalculate" time="0.022" errors="0" timestamp="2021-01-15T01:35:52 IST" skipped="0">
  <testcase classname="TestCalculate" name="StringWithSingleNumber" time="0.003"/>
  <system-out/>
  <testcase classname="TestCalculate" name="EmptyStringReturnZero" time="0.019"/>
  <system-out/>
</testsuite> <!-- TestCalculate -->
