<?xml version="1.0" encoding="UTF-8"?>
<!-- Generated by org.testng.reporters.JUnitReportReporter -->
<testsuite hostname="nikunj-20h1cto1ww" failures="0" tests="6" name="TestCalculate" time="0.030" errors="0" timestamp="2021-01-15T02:59:35 IST" skipped="0">
  <testcase classname="TestCalculate" name="ReturnSumofTwoNumberWithCommaDelimiter" time="0.001"/>
  <system-out/>
  <testcase classname="TestCalculate" name="StringWithnegativeNumberReturnsException" time="0.002"/>
  <system-out/>
  <testcase classname="TestCalculate" name="ReturnSumofThreeNumberWithCommaAndNewLineDelimiter" time="0.002"/>
  <system-out/>
  <testcase classname="TestCalculate" name="StringWithSingleNumber" time="0.004"/>
  <system-out/>
  <testcase classname="TestCalculate" name="EmptyStringReturnZero" time="0.020"/>
  <system-out/>
  <testcase classname="TestCalculate" name="ReturnSumofTwoNumberWithNewLineDelimiter" time="0.001"/>
  <system-out/>
</testsuite> <!-- TestCalculate -->
